Max call stack depth: 37

Stack at max depth (bottom → top):
  [0] callId=0  (anonymous)
  [1] callId=846  executeUserEntryPoint
  [2] callId=1064  wrapModuleLoad
  [3] callId=1130  (anonymous)
  [4] callId=1181  (anonymous)
  [5] callId=1213  (anonymous)
  [6] callId=1234  (anonymous)
  [7] callId=1251  (anonymous)
  [8] callId=1252  main
  [9] callId=1254  log
  [10] callId=1257  value
  [11] callId=1258  get
  [12] callId=1259  getStdout
  [13] callId=1260  createWritableStdioStream
  [14] callId=1262  requireBuiltin
  [15] callId=1263  compileForInternalLoader
  [16] callId=1264  (anonymous)
  [17] callId=1267  requireBuiltin
  [18] callId=1268  compileForInternalLoader
  [19] callId=1269  (anonymous)
  [20] callId=1329  requireBuiltin
  [21] callId=1330  compileForInternalLoader
  [22] callId=1331  (anonymous)
  [23] callId=1332  requireBuiltin
  [24] callId=1333  compileForInternalLoader
  [25] callId=1334  (anonymous)
  [26] callId=1346  requireBuiltin
  [27] callId=1347  compileForInternalLoader
  [28] callId=1348  (anonymous)
  [29] callId=1354  requireBuiltin
  [30] callId=1355  compileForInternalLoader
  [31] callId=1356  (anonymous)
  [32] callId=1363  requireBuiltin
  [33] callId=1364  compileForInternalLoader
  [34] callId=1365  (anonymous)
  [35] callId=1366  requireBuiltin
  [36] callId=1367  compileForInternalLoader
