Max call stack depth: 251

Stack at max depth (bottom → top):
  [0] callId=0  (anonymous)
  [1] callId=822  executeUserEntryPoint
  [2] callId=1098  wrapModuleLoad
  [3] callId=1164  (anonymous)
  [4] callId=1215  (anonymous)
  [5] callId=1268  (anonymous)
  [6] callId=1292  (anonymous)
  [7] callId=1309  (anonymous)
  [8] callId=1310  require
  [9] callId=1311  (anonymous)
  [10] callId=1314  wrapModuleLoad
  [11] callId=1326  (anonymous)
  [12] callId=1530  (anonymous)
  [13] callId=1583  (anonymous)
  [14] callId=1604  (anonymous)
  [15] callId=1616  (anonymous)
  [16] callId=1711  require
  [17] callId=1712  (anonymous)
  [18] callId=1715  wrapModuleLoad
  [19] callId=1727  (anonymous)
  [20] callId=1821  (anonymous)
  [21] callId=1836  (anonymous)
  [22] callId=1857  (anonymous)
  [23] callId=1871  (anonymous)
  [24] callId=6660  executeCommandLine
  [25] callId=6801  executeCommandLineWorker
  [26] callId=29506  performCompilation
  [27] callId=472807  emitFilesAndReportErrorsAndGetExitStatus
  [28] callId=472808  emitFilesAndReportErrors
  [29] callId=762392  getSemanticDiagnostics
  [30] callId=762393  getDiagnosticsHelper
  [31] callId=762395  flatMap
  [32] callId=2300397  (anonymous)
  [33] callId=2300398  (anonymous)
  [34] callId=2300399  getSemanticDiagnosticsForFile
  [35] callId=2300400  getBindAndCheckDiagnosticsForFile
  [36] callId=2300401  getBindAndCheckDiagnosticsForFileNoCache
  [37] callId=2300402  runWithCancellationToken
  [38] callId=2300403  (anonymous)
  [39] callId=2300410  getDiagnostics
  [40] callId=2300411  getDiagnosticsWorker
  [41] callId=2300414  checkSourceFileWithEagerDiagnostics
  [42] callId=2300416  checkSourceFile
  [43] callId=2300417  checkSourceFileWorker
  [44] callId=2360628  checkFunctionDeclaration
  [45] callId=2360629  checkFunctionDeclarationDiagnostics
  [46] callId=2360630  checkFunctionOrMethodDeclaration
  [47] callId=2360723  isImplementationCompatibleWithOverload
  [48] callId=2361240  structuredTypeRelatedToWorker
  [49] callId=2361241  getVariances
  [50] callId=2361242  getVariancesWorker
  [51] callId=2361252  structuredTypeRelatedToWorker
  [52] callId=2372988  compareSignaturesRelated
  [53] callId=2373871  unionOrIntersectionRelatedTo
  [54] callId=2373874  unionOrIntersectionRelatedTo
  [55] callId=2373875  typeRelatedToEachType
  [56] callId=2373877  unionOrIntersectionRelatedTo
  [57] callId=2374766  structuredTypeRelatedToWorker
  [58] callId=2374768  compareSignaturesRelated
  [59] callId=2374780  structuredTypeRelatedToWorker
  [60] callId=2374781  getVariances
  [61] callId=2374782  getVariancesWorker
  [62] callId=2374792  structuredTypeRelatedToWorker
  [63] callId=2375377  structuredTypeRelatedToWorker
  [64] callId=2375384  compareSignaturesRelated
  [65] callId=2375834  structuredTypeRelatedToWorker
  [66] callId=2375835  unionOrIntersectionRelatedTo
  [67] callId=2375838  structuredTypeRelatedToWorker
  [68] callId=2375839  unionOrIntersectionRelatedTo
  [69] callId=2375840  typeRelatedToEachType
  [70] callId=2375842  structuredTypeRelatedToWorker
  [71] callId=2375843  unionOrIntersectionRelatedTo
  [72] callId=2375846  structuredTypeRelatedToWorker
  [73] callId=2376231  structuredTypeRelatedToWorker
  [74] callId=2376233  compareSignaturesRelated
  [75] callId=2376253  structuredTypeRelatedToWorker
  [76] callId=2376254  getVariances
  [77] callId=2376255  getVariancesWorker
  [78] callId=2376265  structuredTypeRelatedToWorker
  [79] callId=2376810  structuredTypeRelatedToWorker
  [80] callId=2376817  compareSignaturesRelated
  [81] callId=2377205  structuredTypeRelatedToWorker
  [82] callId=2377206  unionOrIntersectionRelatedTo
  [83] callId=2377209  structuredTypeRelatedToWorker
  [84] callId=2377210  unionOrIntersectionRelatedTo
  [85] callId=2377211  typeRelatedToEachType
  [86] callId=2377213  structuredTypeRelatedToWorker
  [87] callId=2377214  unionOrIntersectionRelatedTo
  [88] callId=2377217  structuredTypeRelatedToWorker
  [89] callId=2377542  structuredTypeRelatedToWorker
  [90] callId=2377544  compareSignaturesRelated
  [91] callId=2377554  structuredTypeRelatedToWorker
  [92] callId=2377555  getVariances
  [93] callId=2377556  getVariancesWorker
  [94] callId=2377566  structuredTypeRelatedToWorker
  [95] callId=2378307  structuredTypeRelatedToWorker
  [96] callId=2378314  compareSignaturesRelated
  [97] callId=2378621  structuredTypeRelatedToWorker
  [98] callId=2378622  unionOrIntersectionRelatedTo
  [99] callId=2378625  structuredTypeRelatedToWorker
  [100] callId=2378626  unionOrIntersectionRelatedTo
  [101] callId=2378627  typeRelatedToEachType
  [102] callId=2378629  structuredTypeRelatedToWorker
  [103] callId=2378630  unionOrIntersectionRelatedTo
  [104] callId=2378633  structuredTypeRelatedToWorker
  [105] callId=2379084  structuredTypeRelatedToWorker
  [106] callId=2379086  compareSignaturesRelated
  [107] callId=2379095  structuredTypeRelatedToWorker
  [108] callId=2379096  getVariances
  [109] callId=2379097  getVariancesWorker
  [110] callId=2379107  structuredTypeRelatedToWorker
  [111] callId=2379531  structuredTypeRelatedToWorker
  [112] callId=2379538  compareSignaturesRelated
  [113] callId=2379679  structuredTypeRelatedToWorker
  [114] callId=2379680  unionOrIntersectionRelatedTo
  [115] callId=2379681  structuredTypeRelatedToWorker
  [116] callId=2379682  unionOrIntersectionRelatedTo
  [117] callId=2379683  typeRelatedToEachType
  [118] callId=2379684  structuredTypeRelatedToWorker
  [119] callId=2379685  unionOrIntersectionRelatedTo
  [120] callId=2379686  structuredTypeRelatedToWorker
  [121] callId=2379940  structuredTypeRelatedToWorker
  [122] callId=2379942  compareSignaturesRelated
  [123] callId=2379968  structuredTypeRelatedToWorker
  [124] callId=2379969  getVariances
  [125] callId=2379970  getVariancesWorker
  [126] callId=2379978  structuredTypeRelatedToWorker
  [127] callId=2380289  structuredTypeRelatedToWorker
  [128] callId=2380296  compareSignaturesRelated
  [129] callId=2380331  structuredTypeRelatedToWorker
  [130] callId=2380332  unionOrIntersectionRelatedTo
  [131] callId=2380333  structuredTypeRelatedToWorker
  [132] callId=2380334  unionOrIntersectionRelatedTo
  [133] callId=2380335  typeRelatedToEachType
  [134] callId=2380336  structuredTypeRelatedToWorker
  [135] callId=2380337  unionOrIntersectionRelatedTo
  [136] callId=2380338  structuredTypeRelatedToWorker
  [137] callId=2380573  structuredTypeRelatedToWorker
  [138] callId=2380575  compareSignaturesRelated
  [139] callId=2380601  structuredTypeRelatedToWorker
  [140] callId=2380602  getVariances
  [141] callId=2380603  getVariancesWorker
  [142] callId=2380611  structuredTypeRelatedToWorker
  [143] callId=2380897  structuredTypeRelatedToWorker
  [144] callId=2380904  compareSignaturesRelated
  [145] callId=2380939  structuredTypeRelatedToWorker
  [146] callId=2380940  unionOrIntersectionRelatedTo
  [147] callId=2380941  structuredTypeRelatedToWorker
  [148] callId=2380942  unionOrIntersectionRelatedTo
  [149] callId=2380943  typeRelatedToEachType
  [150] callId=2380944  structuredTypeRelatedToWorker
  [151] callId=2380945  unionOrIntersectionRelatedTo
  [152] callId=2380946  structuredTypeRelatedToWorker
  [153] callId=2381164  structuredTypeRelatedToWorker
  [154] callId=2381166  compareSignaturesRelated
  [155] callId=2381173  structuredTypeRelatedToWorker
  [156] callId=2381174  getVariances
  [157] callId=2381175  getVariancesWorker
  [158] callId=2381183  structuredTypeRelatedToWorker
  [159] callId=2381562  structuredTypeRelatedToWorker
  [160] callId=2381569  compareSignaturesRelated
  [161] callId=2381602  structuredTypeRelatedToWorker
  [162] callId=2381603  unionOrIntersectionRelatedTo
  [163] callId=2381604  structuredTypeRelatedToWorker
  [164] callId=2381605  unionOrIntersectionRelatedTo
  [165] callId=2381606  typeRelatedToEachType
  [166] callId=2381607  structuredTypeRelatedToWorker
  [167] callId=2381608  unionOrIntersectionRelatedTo
  [168] callId=2381609  structuredTypeRelatedToWorker
  [169] callId=2381920  structuredTypeRelatedToWorker
  [170] callId=2381927  compareSignaturesRelated
  [171] callId=2381934  structuredTypeRelatedToWorker
  [172] callId=2381935  getVariances
  [173] callId=2381936  getVariancesWorker
  [174] callId=2381940  structuredTypeRelatedToWorker
  [175] callId=2382337  structuredTypeRelatedToWorker
  [176] callId=2382344  compareSignaturesRelated
  [177] callId=2382371  structuredTypeRelatedToWorker
  [178] callId=2382372  unionOrIntersectionRelatedTo
  [179] callId=2382373  structuredTypeRelatedToWorker
  [180] callId=2382374  unionOrIntersectionRelatedTo
  [181] callId=2382375  typeRelatedToEachType
  [182] callId=2382376  structuredTypeRelatedToWorker
  [183] callId=2382377  unionOrIntersectionRelatedTo
  [184] callId=2382378  structuredTypeRelatedToWorker
  [185] callId=2382714  structuredTypeRelatedToWorker
  [186] callId=2382723  structuredTypeRelatedToWorker
  [187] callId=2382724  getVariances
  [188] callId=2382725  getVariancesWorker
  [189] callId=2382729  structuredTypeRelatedToWorker
  [190] callId=2383103  structuredTypeRelatedToWorker
  [191] callId=2383319  structuredTypeRelatedToWorker
  [192] callId=2383320  unionOrIntersectionRelatedTo
  [193] callId=2383321  structuredTypeRelatedToWorker
  [194] callId=2383322  unionOrIntersectionRelatedTo
  [195] callId=2383323  typeRelatedToEachType
  [196] callId=2383324  structuredTypeRelatedToWorker
  [197] callId=2383325  unionOrIntersectionRelatedTo
  [198] callId=2383326  structuredTypeRelatedToWorker
  [199] callId=2383654  structuredTypeRelatedToWorker
  [200] callId=2383688  structuredTypeRelatedToWorker
  [201] callId=2383689  getVariances
  [202] callId=2383690  getVariancesWorker
  [203] callId=2383694  structuredTypeRelatedToWorker
  [204] callId=2383947  structuredTypeRelatedToWorker
  [205] callId=2384250  structuredTypeRelatedToWorker
  [206] callId=2384251  unionOrIntersectionRelatedTo
  [207] callId=2384252  structuredTypeRelatedToWorker
  [208] callId=2384253  unionOrIntersectionRelatedTo
  [209] callId=2384254  typeRelatedToEachType
  [210] callId=2384255  structuredTypeRelatedToWorker
  [211] callId=2384256  unionOrIntersectionRelatedTo
  [212] callId=2384257  structuredTypeRelatedToWorker
  [213] callId=2384457  structuredTypeRelatedToWorker
  [214] callId=2384471  structuredTypeRelatedToWorker
  [215] callId=2384472  getVariances
  [216] callId=2384473  getVariancesWorker
  [217] callId=2384477  structuredTypeRelatedToWorker
  [218] callId=2384699  structuredTypeRelatedToWorker
  [219] callId=2385002  structuredTypeRelatedToWorker
  [220] callId=2385003  unionOrIntersectionRelatedTo
  [221] callId=2385004  structuredTypeRelatedToWorker
  [222] callId=2385005  unionOrIntersectionRelatedTo
  [223] callId=2385006  typeRelatedToEachType
  [224] callId=2385007  structuredTypeRelatedToWorker
  [225] callId=2385008  unionOrIntersectionRelatedTo
  [226] callId=2385009  structuredTypeRelatedToWorker
  [227] callId=2385245  structuredTypeRelatedToWorker
  [228] callId=2385259  structuredTypeRelatedToWorker
  [229] callId=2385260  getVariances
  [230] callId=2385261  getVariancesWorker
  [231] callId=2385265  structuredTypeRelatedToWorker
  [232] callId=2386002  structuredTypeRelatedToWorker
  [233] callId=2386035  structuredTypeRelatedToWorker
  [234] callId=2386036  unionOrIntersectionRelatedTo
  [235] callId=2386037  structuredTypeRelatedToWorker
  [236] callId=2386038  unionOrIntersectionRelatedTo
  [237] callId=2386039  typeRelatedToEachType
  [238] callId=2386040  structuredTypeRelatedToWorker
  [239] callId=2386041  unionOrIntersectionRelatedTo
  [240] callId=2386042  structuredTypeRelatedToWorker
  [241] callId=2386073  structuredTypeRelatedToWorker
  [242] callId=2386076  structuredTypeRelatedToWorker
  [243] callId=2386077  unionOrIntersectionRelatedTo
  [244] callId=2386078  structuredTypeRelatedToWorker
  [245] callId=2386081  relateVariances
  [246] callId=2386082  typeArgumentsRelatedTo
  [247] callId=2386083  structuredTypeRelatedToWorker
  [248] callId=2386086  relateVariances
  [249] callId=2386087  typeArgumentsRelatedTo
  [250] callId=2386088  outofbandVarianceMarkerHandler
